
> crmforall@1.0.0 dev
> wrangler dev --local --ip 0.0.0.0


 ⛅️ wrangler 4.56.0
───────────────────
Using vars defined in .env
Your Worker has access to the following bindings:
Binding                                              Resource                  Mode
env.DB (crmforall-db)                                D1 Database               local
env.FILES (crmforall-files-dev)                      R2 Bucket                 local
env.ASSETS                                           Assets                    local
env.CLOUDFLARE_ACCOUNT_ID ("(hidden)")               Environment Variable      local
env.D1_DATABASE_ID ("(hidden)")                      Environment Variable      local
env.D1_API_TOKEN ("(hidden)")                        Environment Variable      local
env.R2_ACCESS_KEY_ID ("(hidden)")                    Environment Variable      local
env.R2_SECRET_ACCESS_KEY ("(hidden)")                Environment Variable      local
env.R2_BUCKET ("(hidden)")                           Environment Variable      local

⎔ Starting local server...
[wrangler:info] Ready on http://0.0.0.0:8787
[wrangler:info] - http://127.0.0.1:8787
[wrangler:info] - http://192.168.0.155:8787
[wrangler:info] GET / 200 OK (8ms)
[wrangler:info] GET / 200 OK (3ms)
[wrangler:info] GET /vendor/jszip.min.js 200 OK (4ms)
[wrangler:info] GET /app.js 200 OK (9ms)
[wrangler:info] GET /styles.css 200 OK (9ms)
[wrangler:info] GET /api/dashboard 200 OK (72ms)
[wrangler:info] GET /favicon.ico 200 OK (3ms)
[wrangler:info] GET /api/companies 200 OK (7ms)
[wrangler:info] GET /api/contacts 200 OK (7ms)
[wrangler:info] GET /api/products 200 OK (6ms)
[wrangler:info] GET /api/invoices 200 OK (11ms)
[wrangler:info] GET /api/documents 200 OK (7ms)
[wrangler:info] GET /api/tags 200 OK (5ms)
[wrangler:info] GET /api/companies 200 OK (5ms)
[wrangler:info] GET /api/invoices 200 OK (4ms)
[wrangler:info] GET /api/sample_shipments 200 OK (5ms)
[wrangler:info] GET /api/documents 200 OK (6ms)
[wrangler:info] GET /api/tags 200 OK (6ms)
[wrangler:info] GET /api/companies 200 OK (6ms)
[wrangler:info] GET /api/invoices 200 OK (5ms)
[wrangler:info] GET /api/doc_types 200 OK (6ms)
[wrangler:info] GET /api/tags 200 OK (8ms)
[wrangler:info] GET /api/files/uploads/a0940769-8a3c-4c50-a96a-91a04640fa26-SM-20251223A.pdf 200 OK (22ms)
[wrangler:info] GET /vendor/pdfjs/pdf.min.mjs 200 OK (3ms)
[wrangler:info] GET /vendor/pdfjs/pdf.worker.min.mjs 200 OK (2ms)
[wrangler:info] GET /api/tasks 200 OK (7ms)
[wrangler:info] GET /api/sample_shipments 200 OK (7ms)
[wrangler:info] GET /api/documents 200 OK (6ms)
[wrangler:info] GET /api/tags 200 OK (6ms)
[wrangler:info] GET /api/companies 200 OK (4ms)
[wrangler:info] GET /api/invoices 200 OK (3ms)
[wrangler:info] GET /api/sample_shipments 200 OK (8ms)
[wrangler:info] GET /api/tasks 200 OK (6ms)
[wrangler:info] GET /api/notes 200 OK (7ms)
[wrangler:info] GET /api/tags 200 OK (8ms)
[wrangler:info] GET /api/doc_types 200 OK (5ms)
[wrangler:info] GET /api/invoices 200 OK (7ms)
[wrangler:info] GET /api/quotations 200 OK (7ms)
[wrangler:info] GET /api/products 200 OK (6ms)
[wrangler:info] GET /api/contacts 200 OK (6ms)
[wrangler:info] GET /api/companies 200 OK (6ms)
[wrangler:info] GET /api/dashboard 200 OK (20ms)
[wrangler:info] GET /api/tasks 200 OK (10ms)
[wrangler:info] GET /api/sample_shipments 200 OK (6ms)
[wrangler:info] GET /api/shipping_schedules 200 OK (10ms)
[wrangler:info] GET /api/documents 200 OK (8ms)
[wrangler:info] GET /api/tags 200 OK (6ms)
[wrangler:info] GET /api/companies 200 OK (5ms)
[wrangler:info] GET /api/invoices 200 OK (4ms)
[wrangler:info] GET /api/invoices 200 OK (10ms)
[wrangler:info] GET /api/quotations 200 OK (8ms)
[wrangler:info] GET /api/orders 200 OK (8ms)
[wrangler:info] GET /api/products 200 OK (6ms)
[wrangler:info] GET /api/contacts 200 OK (8ms)
Using vars defined in .env
Your Worker has access to the following bindings:
Binding                                              Resource                  Mode
env.DB (crmforall-db)                                D1 Database               local
env.FILES (crmforall-files-dev)                      R2 Bucket                 local
env.ASSETS                                           Assets                    local
env.CLOUDFLARE_ACCOUNT_ID ("(hidden)")               Environment Variable      local
env.D1_DATABASE_ID ("(hidden)")                      Environment Variable      local
env.D1_API_TOKEN ("(hidden)")                        Environment Variable      local
env.R2_ACCESS_KEY_ID ("(hidden)")                    Environment Variable      local
env.R2_SECRET_ACCESS_KEY ("(hidden)")                Environment Variable      local
env.R2_BUCKET ("(hidden)")                           Environment Variable      local

⎔ Reloading local server...
